{
  "0 debug pnpm:scope": {
    "selected": 1
  },
  "1 error pnpm": {
    "code": "ELIFECYCLE",
    "errno": "ENOENT",
    "syscall": "spawn",
    "file": "sh",
    "pkgid": "KALA@0.0.1",
    "stage": "dev",
    "script": "svelte-kit dev \"--open\"",
    "pkgname": "KALA",
    "err": {
      "name": "pnpm",
      "message": "KALA@0.0.1 dev: `svelte-kit dev \"--open\"`\nspawn ENOENT",
      "code": "ELIFECYCLE",
      "stack": "pnpm: KALA@0.0.1 dev: `svelte-kit dev \"--open\"`\nspawn ENOENT\n    at ChildProcess.<anonymous> (/home/kashy/.config/nvm/versions/node/v16.13.1/lib/node_modules/pnpm/dist/pnpm.cjs:91775:22)\n    at ChildProcess.emit (node:events:390:28)\n    at maybeClose (node:internal/child_process:1064:16)\n    at Process.ChildProcess._handle.onexit (node:internal/child_process:301:5)"
    }
  }
}